<?xml version="1.0" encoding="UTF-8"?>
<!-- Generated by org.testng.reporters.JUnitXMLReporter -->
<testsuite ignored="1" hostname="JoyChowdhury" failures="0" tests="1" name="Surefire test" time="14.781" errors="0" timestamp="2024-09-24T14:48:40 IST">
  <testcase classname="org.joyacademy.Testcases01" name="ToastMessageValidation" time="7.112"/>
  <testcase classname="org.joyacademy.Testcases01" name="E2ETestApplication" time="0.0">
    <ignored/>
  </testcase> <!-- E2ETestApplication -->
</testsuite> <!-- Surefire test -->
