<?xml version="1.0" encoding="UTF-8"?>
<!-- Generated by org.testng.reporters.JUnitXMLReporter -->
<testsuite ignored="0" hostname="JoyChowdhury" failures="0" tests="3" name="Default test" time="96.95" errors="0" timestamp="2024-08-19T11:04:47 IST">
  <testcase classname="org.joyacademy.Testcases01" name="E2ETestApplication" time="41.675"/>
  <testcase classname="org.joyacademy.Testcases01" name="E2ETestApplication" time="38.857"/>
  <testcase classname="org.joyacademy.Testcases01" name="ToastMessageValidation" time="5.847"/>
</testsuite> <!-- Default test -->
