<?xml version="1.0" encoding="UTF-8"?>
<!-- Generated by org.testng.reporters.JUnitXMLReporter -->
<testsuite ignored="0" hostname="JoyChowdhury" failures="1" tests="1" name="Drag and Drop" time="19.885" errors="0" timestamp="2024-07-29T11:46:29 IST">
  <testcase classname="org.joyacademy.DragandDrop" name="DragDrop" time="10.143">
    <failure type="org.openqa.selenium.NoSuchElementException" message="An element could not be located on the page using the given search parameters.
For documentation on this error, please visit: https://www.selenium.dev/documentation/webdriver/troubleshooting/errors#no-such-element-exception
Build info: version: &amp;apos;4.23.0&amp;apos;, revision: &amp;apos;4df0a231af&amp;apos;
System info: os.name: &amp;apos;Windows 11&amp;apos;, os.arch: &amp;apos;amd64&amp;apos;, os.version: &amp;apos;10.0&amp;apos;, java.version: &amp;apos;22.0.1&amp;apos;
Driver info: io.appium.java_client.android.AndroidDriver
Command: [21d7f8d9-5544-47dd-b4c9-8f671c52330f, findElement {value=Views, using=accessibility id}]
Capabilities {appium:app: C://Users//joych//eclipse-w..., appium:appPackage: com.androidsample.generalstore, appium:automationName: UIAutomator2, appium:databaseEnabled: false, appium:desired: {app: C://Users//joych//eclipse-w..., automationName: UIAutomator2, deviceName: Joyemulator, platformName: ANDROID}, appium:deviceApiLevel: 34, appium:deviceManufacturer: Google, appium:deviceModel: sdk_gphone64_x86_64, appium:deviceName: emulator-5554, appium:deviceScreenDensity: 560, appium:deviceScreenSize: 1440x2880, appium:deviceUDID: emulator-5554, appium:javascriptEnabled: true, appium:locationContextEnabled: false, appium:networkConnectionEnabled: true, appium:pixelRatio: 3.5, appium:platformVersion: 14, appium:statBarHeight: 98, appium:takesScreenshot: true, appium:viewportRect: {height: 2782, left: 0, top: 98, width: 1440}, appium:warnings: {}, appium:webStorageEnabled: false, platformName: ANDROID}
Session ID: 21d7f8d9-5544-47dd-b4c9-8f671c52330f">
      <![CDATA[org.openqa.selenium.NoSuchElementException: An element could not be located on the page using the given search parameters.
For documentation on this error, please visit: https://www.selenium.dev/documentation/webdriver/troubleshooting/errors#no-such-element-exception
Build info: version: '4.23.0', revision: '4df0a231af'
System info: os.name: 'Windows 11', os.arch: 'amd64', os.version: '10.0', java.version: '22.0.1'
Driver info: io.appium.java_client.android.AndroidDriver
Command: [21d7f8d9-5544-47dd-b4c9-8f671c52330f, findElement {value=Views, using=accessibility id}]
Capabilities {appium:app: C://Users//joych//eclipse-w..., appium:appPackage: com.androidsample.generalstore, appium:automationName: UIAutomator2, appium:databaseEnabled: false, appium:desired: {app: C://Users//joych//eclipse-w..., automationName: UIAutomator2, deviceName: Joyemulator, platformName: ANDROID}, appium:deviceApiLevel: 34, appium:deviceManufacturer: Google, appium:deviceModel: sdk_gphone64_x86_64, appium:deviceName: emulator-5554, appium:deviceScreenDensity: 560, appium:deviceScreenSize: 1440x2880, appium:deviceUDID: emulator-5554, appium:javascriptEnabled: true, appium:locationContextEnabled: false, appium:networkConnectionEnabled: true, appium:pixelRatio: 3.5, appium:platformVersion: 14, appium:statBarHeight: 98, appium:takesScreenshot: true, appium:viewportRect: {height: 2782, left: 0, top: 98, width: 1440}, appium:warnings: {}, appium:webStorageEnabled: false, platformName: ANDROID}
Session ID: 21d7f8d9-5544-47dd-b4c9-8f671c52330f
at org.openqa.selenium.remote.ErrorCodec.decode(ErrorCodec.java:167)
at org.openqa.selenium.remote.codec.w3c.W3CHttpResponseCodec.decode(W3CHttpResponseCodec.java:138)
at org.openqa.selenium.remote.codec.w3c.W3CHttpResponseCodec.decode(W3CHttpResponseCodec.java:50)
at org.openqa.selenium.remote.HttpCommandExecutor.execute(HttpCommandExecutor.java:190)
at io.appium.java_client.remote.AppiumCommandExecutor.execute(AppiumCommandExecutor.java:237)
at org.openqa.selenium.remote.RemoteWebDriver.execute(RemoteWebDriver.java:518)
at org.openqa.selenium.remote.ElementLocation$ElementFinder$2.findElement(ElementLocation.java:165)
at org.openqa.selenium.remote.ElementLocation.findElement(ElementLocation.java:66)
at org.openqa.selenium.remote.RemoteWebDriver.findElement(RemoteWebDriver.java:355)
at org.openqa.selenium.remote.RemoteWebDriver.findElement(RemoteWebDriver.java:349)
at org.joyacademy.DragandDrop.DragDrop(DragandDrop.java:19)
at java.base/java.util.ArrayList.forEach(ArrayList.java:1597)
... Removed 28 stack frames]]>
    </failure>
  </testcase> <!-- DragDrop -->
</testsuite> <!-- Drag and Drop -->
