<?xml version="1.0" encoding="UTF-8"?>
<!-- Generated by org.testng.reporters.JUnitXMLReporter -->
<testsuite ignored="2" hostname="JoyChowdhury" failures="0" tests="1" name="Test" time="13.988" errors="0" timestamp="2024-09-24T11:18:05 IST">
  <testcase classname="org.joyacademy.Testcases01" name="ToastMessageValidation" time="7.125"/>
  <testcase classname="org.joyacademy.Testcases01" name="E2ETestApplication" time="0.0">
    <ignored/>
  </testcase> <!-- E2ETestApplication -->
  <testcase classname="org.joyacademy.DragandDrop" name="DragDrop" time="0.0">
    <ignored/>
  </testcase> <!-- DragDrop -->
</testsuite> <!-- Test -->
