<?xml version="1.0" encoding="UTF-8"?>
<testng-results ignored="0" total="4" passed="3" failed="1" skipped="0">
  <reporter-output>
  </reporter-output>
  <suite started-at="2024-09-24T17:25:51 IST" name="Suite" finished-at="2024-09-24T17:27:56 IST" duration-ms="124981">
    <groups>
      <group name="Smoke">
        <method signature="Testcases01.ToastMessageValidation()[pri:0, instance:org.joyacademy.Testcases01@730d2164]" name="ToastMessageValidation" class="org.joyacademy.Testcases01"/>
      </group> <!-- Smoke -->
    </groups>
    <test started-at="2024-09-24T17:25:51 IST" name="Test" finished-at="2024-09-24T17:27:56 IST" duration-ms="124981">
      <class name="org.joyacademy.DragandDrop">
        <test-method is-config="true" signature="configureAppium()[pri:0, instance:org.joyacademy.DragandDrop@24959ca4]" started-at="2024-09-24T17:27:34 IST" name="configureAppium" finished-at="2024-09-24T17:27:45 IST" duration-ms="10384" status="PASS">
          <reporter-output>
          </reporter-output>
        </test-method> <!-- configureAppium -->
        <test-method signature="DragDrop()[pri:0, instance:org.joyacademy.DragandDrop@24959ca4]" started-at="2024-09-24T17:27:45 IST" name="DragDrop" finished-at="2024-09-24T17:27:55 IST" duration-ms="10093" status="FAIL">
          <exception class="org.openqa.selenium.NoSuchElementException">
            <message>
              <![CDATA[An element could not be located on the page using the given search parameters.
For documentation on this error, please visit: https://www.selenium.dev/documentation/webdriver/troubleshooting/errors#no-such-element-exception
Build info: version: '4.25.0', revision: '8a8aea2337'
System info: os.name: 'Windows 11', os.arch: 'amd64', os.version: '10.0', java.version: '22.0.1'
Driver info: io.appium.java_client.android.AndroidDriver
Command: [9fd5263c-c5f9-485d-ae71-e5fecdfd7f97, findElement {value=Views, using=accessibility id}]
Capabilities {appium:app: C:\Users\joych\eclipse-work..., appium:appPackage: com.androidsample.generalstore, appium:automationName: UIAutomator2, appium:databaseEnabled: false, appium:desired: {app: C:\Users\joych\eclipse-work..., automationName: UIAutomator2, platformName: ANDROID}, appium:deviceApiLevel: 34, appium:deviceManufacturer: Google, appium:deviceModel: sdk_gphone64_x86_64, appium:deviceName: emulator-5554, appium:deviceScreenDensity: 560, appium:deviceScreenSize: 1440x2880, appium:deviceUDID: emulator-5554, appium:javascriptEnabled: true, appium:locationContextEnabled: false, appium:networkConnectionEnabled: true, appium:pixelRatio: 3.5, appium:platformVersion: 14, appium:statBarHeight: 98, appium:takesScreenshot: true, appium:viewportRect: {height: 2782, left: 0, top: 98, width: 1440}, appium:warnings: {}, appium:webStorageEnabled: false, platformName: ANDROID}
Session ID: 9fd5263c-c5f9-485d-ae71-e5fecdfd7f97]]>
            </message>
            <full-stacktrace>
              <![CDATA[org.openqa.selenium.NoSuchElementException: An element could not be located on the page using the given search parameters.
For documentation on this error, please visit: https://www.selenium.dev/documentation/webdriver/troubleshooting/errors#no-such-element-exception
Build info: version: '4.25.0', revision: '8a8aea2337'
System info: os.name: 'Windows 11', os.arch: 'amd64', os.version: '10.0', java.version: '22.0.1'
Driver info: io.appium.java_client.android.AndroidDriver
Command: [9fd5263c-c5f9-485d-ae71-e5fecdfd7f97, findElement {value=Views, using=accessibility id}]
Capabilities {appium:app: C:\Users\joych\eclipse-work..., appium:appPackage: com.androidsample.generalstore, appium:automationName: UIAutomator2, appium:databaseEnabled: false, appium:desired: {app: C:\Users\joych\eclipse-work..., automationName: UIAutomator2, platformName: ANDROID}, appium:deviceApiLevel: 34, appium:deviceManufacturer: Google, appium:deviceModel: sdk_gphone64_x86_64, appium:deviceName: emulator-5554, appium:deviceScreenDensity: 560, appium:deviceScreenSize: 1440x2880, appium:deviceUDID: emulator-5554, appium:javascriptEnabled: true, appium:locationContextEnabled: false, appium:networkConnectionEnabled: true, appium:pixelRatio: 3.5, appium:platformVersion: 14, appium:statBarHeight: 98, appium:takesScreenshot: true, appium:viewportRect: {height: 2782, left: 0, top: 98, width: 1440}, appium:warnings: {}, appium:webStorageEnabled: false, platformName: ANDROID}
Session ID: 9fd5263c-c5f9-485d-ae71-e5fecdfd7f97
at java.base/jdk.internal.reflect.DirectConstructorHandleAccessor.newInstance(DirectConstructorHandleAccessor.java:62)
at java.base/java.lang.reflect.Constructor.newInstanceWithCaller(Constructor.java:502)
at java.base/java.lang.reflect.Constructor.newInstance(Constructor.java:486)
at org.openqa.selenium.remote.ErrorCodec.decode(ErrorCodec.java:167)
at org.openqa.selenium.remote.codec.w3c.W3CHttpResponseCodec.decode(W3CHttpResponseCodec.java:138)
at org.openqa.selenium.remote.codec.w3c.W3CHttpResponseCodec.decode(W3CHttpResponseCodec.java:50)
at org.openqa.selenium.remote.HttpCommandExecutor.execute(HttpCommandExecutor.java:190)
at io.appium.java_client.remote.AppiumCommandExecutor.execute(AppiumCommandExecutor.java:237)
at org.openqa.selenium.remote.RemoteWebDriver.execute(RemoteWebDriver.java:518)
at org.openqa.selenium.remote.ElementLocation$ElementFinder$2.findElement(ElementLocation.java:165)
at org.openqa.selenium.remote.ElementLocation.findElement(ElementLocation.java:66)
at org.openqa.selenium.remote.RemoteWebDriver.findElement(RemoteWebDriver.java:355)
at org.openqa.selenium.remote.RemoteWebDriver.findElement(RemoteWebDriver.java:349)
at org.joyacademy.DragandDrop.DragDrop(DragandDrop.java:21)
at java.base/jdk.internal.reflect.DirectMethodHandleAccessor.invoke(DirectMethodHandleAccessor.java:103)
at java.base/java.lang.reflect.Method.invoke(Method.java:580)
at org.testng.internal.invokers.MethodInvocationHelper.invokeMethod(MethodInvocationHelper.java:139)
at org.testng.internal.invokers.TestInvoker.invokeMethod(TestInvoker.java:664)
at org.testng.internal.invokers.TestInvoker.invokeTestMethod(TestInvoker.java:228)
at org.testng.internal.invokers.MethodRunner.runInSequence(MethodRunner.java:63)
at org.testng.internal.invokers.TestInvoker$MethodInvocationAgent.invoke(TestInvoker.java:961)
at org.testng.internal.invokers.TestInvoker.invokeTestMethods(TestInvoker.java:201)
at org.testng.internal.invokers.TestMethodWorker.invokeTestMethods(TestMethodWorker.java:148)
at org.testng.internal.invokers.TestMethodWorker.run(TestMethodWorker.java:128)
at java.base/java.util.ArrayList.forEach(ArrayList.java:1597)
at org.testng.TestRunner.privateRun(TestRunner.java:819)
at org.testng.TestRunner.run(TestRunner.java:619)
at org.testng.SuiteRunner.runTest(SuiteRunner.java:443)
at org.testng.SuiteRunner.runSequentially(SuiteRunner.java:437)
at org.testng.SuiteRunner.privateRun(SuiteRunner.java:397)
at org.testng.SuiteRunner.run(SuiteRunner.java:336)
at org.testng.SuiteRunnerWorker.runSuite(SuiteRunnerWorker.java:52)
at org.testng.SuiteRunnerWorker.run(SuiteRunnerWorker.java:95)
at org.testng.TestNG.runSuitesSequentially(TestNG.java:1301)
at org.testng.TestNG.runSuitesLocally(TestNG.java:1228)
at org.testng.TestNG.runSuites(TestNG.java:1134)
at org.testng.TestNG.run(TestNG.java:1101)
at org.apache.maven.surefire.testng.TestNGExecutor.run(TestNGExecutor.java:308)
at org.apache.maven.surefire.testng.TestNGXmlTestSuite.execute(TestNGXmlTestSuite.java:71)
at org.apache.maven.surefire.testng.TestNGProvider.invoke(TestNGProvider.java:113)
at org.apache.maven.surefire.booter.ForkedBooter.runSuitesInProcess(ForkedBooter.java:385)
at org.apache.maven.surefire.booter.ForkedBooter.execute(ForkedBooter.java:162)
at org.apache.maven.surefire.booter.ForkedBooter.run(ForkedBooter.java:507)
at org.apache.maven.surefire.booter.ForkedBooter.main(ForkedBooter.java:495)
]]>
            </full-stacktrace>
          </exception> <!-- org.openqa.selenium.NoSuchElementException -->
          <reporter-output>
          </reporter-output>
        </test-method> <!-- DragDrop -->
        <test-method is-config="true" signature="tearDown()[pri:0, instance:org.joyacademy.DragandDrop@24959ca4]" started-at="2024-09-24T17:27:56 IST" name="tearDown" finished-at="2024-09-24T17:27:56 IST" duration-ms="377" status="PASS">
          <reporter-output>
          </reporter-output>
        </test-method> <!-- tearDown -->
      </class> <!-- org.joyacademy.DragandDrop -->
      <class name="org.joyacademy.Testcases01">
        <test-method is-config="true" signature="configureAppium()[pri:0, instance:org.joyacademy.Testcases01@730d2164]" started-at="2024-09-24T17:25:51 IST" name="configureAppium" finished-at="2024-09-24T17:26:06 IST" duration-ms="14448" status="PASS">
          <reporter-output>
          </reporter-output>
        </test-method> <!-- configureAppium -->
        <test-method is-config="true" signature="preSetup()[pri:0, instance:org.joyacademy.Testcases01@730d2164]" started-at="2024-09-24T17:26:06 IST" name="preSetup" finished-at="2024-09-24T17:26:06 IST" duration-ms="232" status="PASS">
          <reporter-output>
          </reporter-output>
        </test-method> <!-- preSetup -->
        <test-method signature="E2ETestApplication(java.lang.String,java.lang.String)[pri:0, instance:org.joyacademy.Testcases01@730d2164]" started-at="2024-09-24T17:26:06 IST" name="E2ETestApplication" data-provider="getData" finished-at="2024-09-24T17:26:48 IST" duration-ms="42399" status="PASS">
          <params>
            <param index="0">
              <value>
                <![CDATA[Joy Chowdhury]]>
              </value>
            </param>
            <param index="1">
              <value>
                <![CDATA[Argentina]]>
              </value>
            </param>
          </params>
          <reporter-output>
          </reporter-output>
        </test-method> <!-- E2ETestApplication -->
        <test-method is-config="true" signature="preSetup()[pri:0, instance:org.joyacademy.Testcases01@730d2164]" started-at="2024-09-24T17:26:48 IST" name="preSetup" finished-at="2024-09-24T17:26:48 IST" duration-ms="77" status="PASS">
          <reporter-output>
          </reporter-output>
        </test-method> <!-- preSetup -->
        <test-method signature="E2ETestApplication(java.lang.String,java.lang.String)[pri:0, instance:org.joyacademy.Testcases01@730d2164]" started-at="2024-09-24T17:26:48 IST" name="E2ETestApplication" data-provider="getData" finished-at="2024-09-24T17:27:28 IST" duration-ms="39576" status="PASS">
          <params>
            <param index="0">
              <value>
                <![CDATA[Rriti Chel]]>
              </value>
            </param>
            <param index="1">
              <value>
                <![CDATA[Argentina]]>
              </value>
            </param>
          </params>
          <reporter-output>
          </reporter-output>
        </test-method> <!-- E2ETestApplication -->
        <test-method is-config="true" signature="preSetup()[pri:0, instance:org.joyacademy.Testcases01@730d2164]" started-at="2024-09-24T17:27:28 IST" name="preSetup" finished-at="2024-09-24T17:27:28 IST" duration-ms="72" status="PASS">
          <reporter-output>
          </reporter-output>
        </test-method> <!-- preSetup -->
        <test-method signature="ToastMessageValidation()[pri:0, instance:org.joyacademy.Testcases01@730d2164]" started-at="2024-09-24T17:27:28 IST" name="ToastMessageValidation" finished-at="2024-09-24T17:27:34 IST" duration-ms="5890" status="PASS">
          <reporter-output>
          </reporter-output>
        </test-method> <!-- ToastMessageValidation -->
        <test-method is-config="true" signature="tearDown()[pri:0, instance:org.joyacademy.Testcases01@730d2164]" started-at="2024-09-24T17:27:34 IST" name="tearDown" finished-at="2024-09-24T17:27:34 IST" duration-ms="490" status="PASS">
          <reporter-output>
          </reporter-output>
        </test-method> <!-- tearDown -->
      </class> <!-- org.joyacademy.Testcases01 -->
    </test> <!-- Test -->
  </suite> <!-- Suite -->
</testng-results>
