<?xml version="1.0" encoding="UTF-8"?>
<testng-results ignored="0" total="1" passed="1" failed="0" skipped="0">
  <reporter-output>
  </reporter-output>
  <suite started-at="2024-09-24T11:17:51 IST" name="Suite" finished-at="2024-09-24T11:18:05 IST" duration-ms="13988">
    <groups>
      <group name="Smoke">
        <method signature="Testcases01.ToastMessageValidation()[pri:0, instance:org.joyacademy.Testcases01@57abad67]" name="ToastMessageValidation" class="org.joyacademy.Testcases01"/>
      </group> <!-- Smoke -->
    </groups>
    <test started-at="2024-09-24T11:17:51 IST" name="Test" finished-at="2024-09-24T11:18:05 IST" duration-ms="13988">
      <class name="org.joyacademy.Testcases01">
        <test-method is-config="true" signature="configureAppium()[pri:0, instance:org.joyacademy.Testcases01@57abad67]" started-at="2024-09-24T11:17:51 IST" name="configureAppium" finished-at="2024-09-24T11:17:57 IST" duration-ms="6257" status="PASS">
          <reporter-output>
          </reporter-output>
        </test-method> <!-- configureAppium -->
        <test-method is-config="true" signature="preSetup()[pri:0, instance:org.joyacademy.Testcases01@57abad67]" started-at="2024-09-24T11:17:57 IST" name="preSetup" finished-at="2024-09-24T11:17:57 IST" duration-ms="118" status="PASS">
          <reporter-output>
          </reporter-output>
        </test-method> <!-- preSetup -->
        <test-method signature="ToastMessageValidation()[pri:0, instance:org.joyacademy.Testcases01@57abad67]" started-at="2024-09-24T11:17:57 IST" name="ToastMessageValidation" finished-at="2024-09-24T11:18:04 IST" duration-ms="7125" status="PASS">
          <reporter-output>
          </reporter-output>
        </test-method> <!-- ToastMessageValidation -->
        <test-method is-config="true" signature="tearDown()[pri:0, instance:org.joyacademy.Testcases01@57abad67]" started-at="2024-09-24T11:18:04 IST" name="tearDown" finished-at="2024-09-24T11:18:05 IST" duration-ms="442" status="PASS">
          <reporter-output>
          </reporter-output>
        </test-method> <!-- tearDown -->
      </class> <!-- org.joyacademy.Testcases01 -->
    </test> <!-- Test -->
  </suite> <!-- Suite -->
</testng-results>
